2024-01-18 22:09:33,155 [INFO] NvicIntPanel:101 - NVIC parent = com.st.microxplorer.plugins.ip.nvic.MultiNvicIntPanel[,0,0,0x0,invalid,layout=javax.swing.BoxLayout,alignmentX=0.0,alignmentY=0.0,border=,flags=9,maximumSize=,minimumSize=,preferredSize=]
2024-01-18 22:09:33,333 [INFO] NvicIntPanel:101 - NVIC parent = com.st.microxplorer.plugins.ip.nvic.MultiNvicIntPanel[,0,0,0x0,invalid,layout=javax.swing.BoxLayout,alignmentX=0.0,alignmentY=0.0,border=,flags=9,maximumSize=,minimumSize=,preferredSize=]
2024-01-18 22:09:34,405 [INFO] NvicIntPanel:101 - NVIC parent = com.st.microxplorer.plugins.ip.nvic.MultiNvicIntPanel[,0,0,0x0,invalid,layout=javax.swing.BoxLayout,alignmentX=0.0,alignmentY=0.0,border=,flags=9,maximumSize=,minimumSize=,preferredSize=]
2024-01-18 22:09:34,490 [INFO] NvicIntPanel:101 - NVIC parent = com.st.microxplorer.plugins.ip.nvic.MultiNvicIntPanel[,0,0,0x0,invalid,layout=javax.swing.BoxLayout,alignmentX=0.0,alignmentY=0.0,border=,flags=9,maximumSize=,minimumSize=,preferredSize=]
2024-01-18 22:11:16,549 [INFO] NvicIntPanel:101 - NVIC parent = com.st.microxplorer.plugins.ip.nvic.MultiNvicIntPanel[,0,0,0x0,invalid,layout=javax.swing.BoxLayout,alignmentX=0.0,alignmentY=0.0,border=,flags=9,maximumSize=,minimumSize=,preferredSize=]
2024-01-18 22:11:16,625 [INFO] NvicIntPanel:101 - NVIC parent = com.st.microxplorer.plugins.ip.nvic.MultiNvicIntPanel[,0,0,0x0,invalid,layout=javax.swing.BoxLayout,alignmentX=0.0,alignmentY=0.0,border=,flags=9,maximumSize=,minimumSize=,preferredSize=]
2024-01-18 22:11:19,203 [INFO] UtilMem:75 - End SaveConfig() Used Memory: 934725608 Bytes (1073741824)
2024-01-18 22:11:20,863 [INFO] UtilMem:75 - End SaveConfig() Used Memory: 631161456 Bytes (1073741824)
2024-01-18 22:11:29,843 [INFO] UtilMem:75 - End SaveConfig() Used Memory: 692155720 Bytes (1073741824)
2024-01-18 22:11:30,408 [INFO] BlockDiagram:2759 - set Specific Code input for plugin: SPI
2024-01-18 22:11:30,408 [INFO] BlockDiagram:2759 - set Specific Code input for plugin: SPI
2024-01-18 22:11:30,408 [INFO] BlockDiagram:2759 - set Specific Code input for plugin: SPI
2024-01-18 22:11:30,408 [INFO] BlockDiagram:2759 - set Specific Code input for plugin: NVIC
2024-01-18 22:11:30,408 [INFO] BlockDiagram:2759 - set Specific Code input for plugin: USART
2024-01-18 22:11:30,408 [INFO] BlockDiagram:2759 - set Specific Code input for plugin: DMA
2024-01-18 22:11:30,408 [INFO] BlockDiagram:2759 - set Specific Code input for plugin: CAN
2024-01-18 22:11:30,408 [INFO] BlockDiagram:2759 - set Specific Code input for plugin: UART
2024-01-18 22:11:30,408 [INFO] BlockDiagram:2759 - set Specific Code input for plugin: SYS
2024-01-18 22:11:30,409 [INFO] BlockDiagram:2759 - set Specific Code input for plugin: GPIO
2024-01-18 22:11:30,410 [INFO] BlockDiagram:2759 - set Specific Code input for plugin: RCC
2024-01-18 22:11:30,412 [INFO] CodeGenerator:807 - code generatio: config db path: C:\ST\STM32CubeIDE_1.12.1\STM32CubeIDE\plugins\com.st.stm32cube.common.mx_6.10.0.202311202037\\db\
2024-01-18 22:11:30,431 [WARN] IP:2119 - AutoBaudRateEnableParam not found: check if there is a RefParameter without a condition.
2024-01-18 22:11:30,692 [INFO] CodeEngine:255 - oldGeneratedFile, E:\Documents\GitHub\cdh-tsat6\cdh-tsat6-stm32project-nucleo\MXTmpFiles\license.tmp_save
2024-01-18 22:11:31,124 [INFO] CodeEngine:279 - Generated code: E:\Documents\GitHub\cdh-tsat6\cdh-tsat6-stm32project-nucleo\MXTmpFiles\license.tmp
2024-01-18 22:11:31,293 [INFO] CodeEngine:255 - oldGeneratedFile, E:\Documents\GitHub\cdh-tsat6\cdh-tsat6-stm32project-nucleo\MXTmpFiles\gpio.tmp_save
2024-01-18 22:11:31,449 [INFO] CodeEngine:279 - Generated code: E:\Documents\GitHub\cdh-tsat6\cdh-tsat6-stm32project-nucleo\MXTmpFiles\gpio.tmp
2024-01-18 22:11:32,418 [INFO] CodeEngine:255 - oldGeneratedFile, E:\Documents\GitHub\cdh-tsat6\cdh-tsat6-stm32project-nucleo\MXTmpFiles\dma.tmp_save
2024-01-18 22:11:32,511 [INFO] CodeEngine:279 - Generated code: E:\Documents\GitHub\cdh-tsat6\cdh-tsat6-stm32project-nucleo\MXTmpFiles\dma.tmp
2024-01-18 22:11:32,520 [INFO] CodeEngine:255 - oldGeneratedFile, E:\Documents\GitHub\cdh-tsat6\cdh-tsat6-stm32project-nucleo\MXTmpFiles\dma_GV.tmp_save
2024-01-18 22:11:32,578 [INFO] CodeEngine:279 - Generated code: E:\Documents\GitHub\cdh-tsat6\cdh-tsat6-stm32project-nucleo\MXTmpFiles\dma_GV.tmp
2024-01-18 22:11:32,605 [INFO] CodeEngine:255 - oldGeneratedFile, E:\Documents\GitHub\cdh-tsat6\cdh-tsat6-stm32project-nucleo\Core\Src\stm32l4xx_it.c_save
2024-01-18 22:11:32,742 [INFO] CodeEngine:279 - Generated code: E:\Documents\GitHub\cdh-tsat6\cdh-tsat6-stm32project-nucleo\Core\Src\stm32l4xx_it.c
2024-01-18 22:11:32,758 [INFO] CodeEngine:255 - oldGeneratedFile, E:\Documents\GitHub\cdh-tsat6\cdh-tsat6-stm32project-nucleo\Core\Inc\stm32l4xx_it.h_save
2024-01-18 22:11:32,841 [INFO] CodeEngine:279 - Generated code: E:\Documents\GitHub\cdh-tsat6\cdh-tsat6-stm32project-nucleo\Core\Inc\stm32l4xx_it.h
2024-01-18 22:11:32,863 [INFO] CodeEngine:255 - oldGeneratedFile, E:\Documents\GitHub\cdh-tsat6\cdh-tsat6-stm32project-nucleo\Core\Src\stm32l4xx_hal_msp.c_save
2024-01-18 22:11:33,004 [INFO] CodeEngine:279 - Generated code: E:\Documents\GitHub\cdh-tsat6\cdh-tsat6-stm32project-nucleo\Core\Src\stm32l4xx_hal_msp.c
2024-01-18 22:11:33,020 [INFO] CodeEngine:255 - oldGeneratedFile, E:\Documents\GitHub\cdh-tsat6\cdh-tsat6-stm32project-nucleo\MXTmpFiles\system.tmp_save
2024-01-18 22:11:33,088 [INFO] CodeEngine:279 - Generated code: E:\Documents\GitHub\cdh-tsat6\cdh-tsat6-stm32project-nucleo\MXTmpFiles\system.tmp
2024-01-18 22:11:33,106 [INFO] CodeEngine:311 - oldGeneratedFile, E:\Documents\GitHub\cdh-tsat6\cdh-tsat6-stm32project-nucleo\Core\Inc\stm32l4xx_hal_conf.h_save
2024-01-18 22:11:33,187 [INFO] CodeEngine:335 - Generated code: E:\Documents\GitHub\cdh-tsat6\cdh-tsat6-stm32project-nucleo\Core\Inc\stm32l4xx_hal_conf.h
2024-01-18 22:11:33,232 [INFO] CodeEngine:255 - oldGeneratedFile, E:\Documents\GitHub\cdh-tsat6\cdh-tsat6-stm32project-nucleo\Core\Inc\main.h_save
2024-01-18 22:11:33,322 [INFO] CodeEngine:279 - Generated code: E:\Documents\GitHub\cdh-tsat6\cdh-tsat6-stm32project-nucleo\Core\Inc\main.h
2024-01-18 22:11:33,344 [INFO] CodeEngine:255 - oldGeneratedFile, E:\Documents\GitHub\cdh-tsat6\cdh-tsat6-stm32project-nucleo\Core\Src\main.c_save
2024-01-18 22:11:33,508 [INFO] CodeEngine:279 - Generated code: E:\Documents\GitHub\cdh-tsat6\cdh-tsat6-stm32project-nucleo\Core\Src\main.c
2024-01-18 22:11:34,096 [INFO] ProjectBuilder:3076 - Time for Copy HAL[1] : 230mS.
2024-01-18 22:11:34,102 [INFO] ProjectBuilder:4485 - Project Generator version: 4.2.0-B44
2024-01-18 22:11:34,280 [INFO] ConfigFileManager:1495 - The Die is : DIE462
2024-01-18 22:11:34,294 [INFO] ApiDbMcu:508 - Load IP Config File for FATFS
2024-01-18 22:11:34,303 [INFO] ApiDbMcu:508 - Load IP Config File for FREERTOS
2024-01-18 22:11:34,320 [INFO] ApiDbMcu:508 - Load IP Config File for TOUCHSENSING
2024-01-18 22:11:34,331 [INFO] ApiDbMcu:508 - Load IP Config File for USB_DEVICE
